<?xml version="1.0" encoding="UTF-8"?>
<testng-results skipped="0" failed="0" ignored="0" total="2" passed="2">
  <reporter-output>
  </reporter-output>
  <suite name="Default suite" duration-ms="3160" started-at="2022-03-25T17:02:13 UTC" finished-at="2022-03-25T17:02:16 UTC">
    <groups>
    </groups>
    <test name="Default test" duration-ms="3160" started-at="2022-03-25T17:02:13 UTC" finished-at="2022-03-25T17:02:16 UTC">
      <class name="testcases.LoginTest">
        <test-method status="PASS" signature="SetUp(java.lang.reflect.Method)[pri:0, instance:testcases.LoginTest@5bfbf16f]" name="SetUp" is-config="true" duration-ms="1345" started-at="2022-03-25T17:02:13 UTC" finished-at="2022-03-25T17:02:15 UTC">
          <params>
            <param index="0">
              <value>
                <![CDATA[public void testcases.LoginTest.LoginFailureTest()]]>
              </value>
            </param>
          </params>
          <reporter-output>
          </reporter-output>
        </test-method> <!-- SetUp -->
        <test-method status="PASS" signature="LoginFailureTest()[pri:0, instance:testcases.LoginTest@5bfbf16f]" name="LoginFailureTest" duration-ms="338" started-at="2022-03-25T17:02:15 UTC" finished-at="2022-03-25T17:02:15 UTC">
          <reporter-output>
          </reporter-output>
        </test-method> <!-- LoginFailureTest -->
        <test-method status="PASS" signature="TearDown()[pri:0, instance:testcases.LoginTest@5bfbf16f]" name="TearDown" is-config="true" duration-ms="73" started-at="2022-03-25T17:02:15 UTC" finished-at="2022-03-25T17:02:15 UTC">
          <reporter-output>
          </reporter-output>
        </test-method> <!-- TearDown -->
        <test-method status="PASS" signature="SetUp(java.lang.reflect.Method)[pri:0, instance:testcases.LoginTest@5bfbf16f]" name="SetUp" is-config="true" duration-ms="916" started-at="2022-03-25T17:02:15 UTC" finished-at="2022-03-25T17:02:16 UTC">
          <params>
            <param index="0">
              <value>
                <![CDATA[public void testcases.LoginTest.LoginSuccessTest()]]>
              </value>
            </param>
          </params>
          <reporter-output>
          </reporter-output>
        </test-method> <!-- SetUp -->
        <test-method status="PASS" signature="LoginSuccessTest()[pri:0, instance:testcases.LoginTest@5bfbf16f]" name="LoginSuccessTest" duration-ms="372" started-at="2022-03-25T17:02:16 UTC" finished-at="2022-03-25T17:02:16 UTC">
          <reporter-output>
          </reporter-output>
        </test-method> <!-- LoginSuccessTest -->
        <test-method status="PASS" signature="TearDown()[pri:0, instance:testcases.LoginTest@5bfbf16f]" name="TearDown" is-config="true" duration-ms="72" started-at="2022-03-25T17:02:16 UTC" finished-at="2022-03-25T17:02:16 UTC">
          <reporter-output>
          </reporter-output>
        </test-method> <!-- TearDown -->
      </class> <!-- testcases.LoginTest -->
    </test> <!-- Default test -->
  </suite> <!-- Default suite -->
</testng-results>
